<?xml version="1.0" encoding="UTF-8"?>
<testng-results ignored="0" total="1" passed="1" failed="0" skipped="0">
  <reporter-output>
  </reporter-output>
  <suite started-at="2025-06-28T12:57:35 IST" name="Default suite" finished-at="2025-06-28T12:57:49 IST" duration-ms="13234">
    <groups>
    </groups>
    <test started-at="2025-06-28T12:57:35 IST" name="Default test" finished-at="2025-06-28T12:57:49 IST" duration-ms="13234">
      <class name="books.TC_DWS_001_Test">
        <test-method is-config="true" signature="reportConfig()[pri:0, instance:books.TC_DWS_001_Test@385c9627]" started-at="2025-06-28T12:57:35 IST" name="reportConfig" finished-at="2025-06-28T12:57:35 IST" duration-ms="227" status="PASS">
          <reporter-output>
          </reporter-output>
        </test-method> <!-- reportConfig -->
        <test-method is-config="true" signature="openBrowser()[pri:0, instance:books.TC_DWS_001_Test@385c9627]" started-at="2025-06-28T12:57:36 IST" name="openBrowser" finished-at="2025-06-28T12:57:45 IST" duration-ms="9828" status="PASS">
          <reporter-output>
          </reporter-output>
        </test-method> <!-- openBrowser -->
        <test-method is-config="true" signature="login()[pri:0, instance:books.TC_DWS_001_Test@385c9627]" started-at="2025-06-28T12:57:45 IST" name="login" finished-at="2025-06-28T12:57:47 IST" duration-ms="2090" status="PASS">
          <reporter-output>
          </reporter-output>
        </test-method> <!-- login -->
        <test-method signature="clickOnBooks()[pri:0, instance:books.TC_DWS_001_Test@385c9627]" started-at="2025-06-28T12:57:47 IST" name="clickOnBooks" finished-at="2025-06-28T12:57:48 IST" duration-ms="1017" status="PASS">
          <reporter-output>
          </reporter-output>
        </test-method> <!-- clickOnBooks -->
        <test-method is-config="true" signature="logout()[pri:0, instance:books.TC_DWS_001_Test@385c9627]" started-at="2025-06-28T12:57:48 IST" name="logout" finished-at="2025-06-28T12:57:49 IST" duration-ms="72" status="PASS">
          <reporter-output>
          </reporter-output>
        </test-method> <!-- logout -->
        <test-method is-config="true" signature="closeBrowser()[pri:0, instance:books.TC_DWS_001_Test@385c9627]" started-at="2025-06-28T12:57:49 IST" name="closeBrowser" finished-at="2025-06-28T12:57:49 IST" duration-ms="191" status="PASS">
          <reporter-output>
          </reporter-output>
        </test-method> <!-- closeBrowser -->
        <test-method is-config="true" signature="reportBackup()[pri:0, instance:books.TC_DWS_001_Test@385c9627]" started-at="2025-06-28T12:57:49 IST" name="reportBackup" finished-at="2025-06-28T12:57:49 IST" duration-ms="309" status="PASS">
          <reporter-output>
          </reporter-output>
        </test-method> <!-- reportBackup -->
      </class> <!-- books.TC_DWS_001_Test -->
    </test> <!-- Default test -->
  </suite> <!-- Default suite -->
</testng-results>
